<?xml version="1.0" encoding="UTF-8"?>
<testsuite xmlns:xsi="http://www.w3.org/2001/XMLSchema-instance" xsi:noNamespaceSchemaLocation="https://maven.apache.org/surefire/maven-surefire-plugin/xsd/surefire-test-report.xsd" name="com.panda.webservice.test.MyTest" time="0.001" tests="0" errors="0" skipped="0" failures="0">
  <properties>
    <property name="gopherProxySet" value="false"/>
    <property name="awt.toolkit" value="sun.lwawt.macosx.LWCToolkit"/>
    <property name="file.encoding.pkg" value="sun.io"/>
    <property name="java.specification.version" value="1.8"/>
    <property name="sun.cpu.isalist" value=""/>
    <property name="sun.jnu.encoding" value="UTF-8"/>
    <property name="java.class.path" value="/Users/wujianhui/work/project/panda/panda-webservice-demo/target/test-classes:/Users/wujianhui/work/project/panda/panda-webservice-demo/target/classes:/Users/wujianhui/soft/maven/apache-maven-3.6.0/repository/org/apache/axis/axis/1.4/axis-1.4.jar:/Users/wujianhui/soft/maven/apache-maven-3.6.0/repository/org/apache/axis/axis-jaxrpc/1.4/axis-jaxrpc-1.4.jar:/Users/wujianhui/soft/maven/apache-maven-3.6.0/repository/org/apache/axis/axis-saaj/1.4/axis-saaj-1.4.jar:/Users/wujianhui/soft/maven/apache-maven-3.6.0/repository/commons-discovery/commons-discovery/0.2/commons-discovery-0.2.jar:/Users/wujianhui/soft/maven/apache-maven-3.6.0/repository/commons-logging/commons-logging/1.0.3/commons-logging-1.0.3.jar:/Users/wujianhui/soft/maven/apache-maven-3.6.0/repository/wsdl4j/wsdl4j/1.6.2/wsdl4j-1.6.2.jar:"/>
    <property name="java.vm.vendor" value="Oracle Corporation"/>
    <property name="sun.arch.data.model" value="64"/>
    <property name="java.vendor.url" value="http://java.oracle.com/"/>
    <property name="user.timezone" value=""/>
    <property name="java.vm.specification.version" value="1.8"/>
    <property name="os.name" value="Mac OS X"/>
    <property name="user.country" value="CN"/>
    <property name="sun.java.launcher" value="SUN_STANDARD"/>
    <property name="sun.boot.library.path" value="/Library/Java/JavaVirtualMachines/jdk1.8.0_201.jdk/Contents/Home/jre/lib"/>
    <property name="sun.java.command" value="/Users/wujianhui/work/project/panda/panda-webservice-demo/target/surefire/surefirebooter5157985244704685586.jar /Users/wujianhui/work/project/panda/panda-webservice-demo/target/surefire 2020-07-31T17-51-44_656-jvmRun1 surefire3175839295336876294tmp surefire_27780533011804429668tmp"/>
    <property name="surefire.test.class.path" value="/Users/wujianhui/work/project/panda/panda-webservice-demo/target/test-classes:/Users/wujianhui/work/project/panda/panda-webservice-demo/target/classes:/Users/wujianhui/soft/maven/apache-maven-3.6.0/repository/org/apache/axis/axis/1.4/axis-1.4.jar:/Users/wujianhui/soft/maven/apache-maven-3.6.0/repository/org/apache/axis/axis-jaxrpc/1.4/axis-jaxrpc-1.4.jar:/Users/wujianhui/soft/maven/apache-maven-3.6.0/repository/org/apache/axis/axis-saaj/1.4/axis-saaj-1.4.jar:/Users/wujianhui/soft/maven/apache-maven-3.6.0/repository/commons-discovery/commons-discovery/0.2/commons-discovery-0.2.jar:/Users/wujianhui/soft/maven/apache-maven-3.6.0/repository/commons-logging/commons-logging/1.0.3/commons-logging-1.0.3.jar:/Users/wujianhui/soft/maven/apache-maven-3.6.0/repository/wsdl4j/wsdl4j/1.6.2/wsdl4j-1.6.2.jar:"/>
    <property name="sun.cpu.endian" value="little"/>
    <property name="user.home" value="/Users/wujianhui"/>
    <property name="user.language" value="zh"/>
    <property name="java.specification.vendor" value="Oracle Corporation"/>
    <property name="java.home" value="/Library/Java/JavaVirtualMachines/jdk1.8.0_201.jdk/Contents/Home/jre"/>
    <property name="basedir" value="/Users/wujianhui/work/project/panda/panda-webservice-demo"/>
    <property name="file.separator" value="/"/>
    <property name="line.separator" value="&#10;"/>
    <property name="java.vm.specification.vendor" value="Oracle Corporation"/>
    <property name="java.specification.name" value="Java Platform API Specification"/>
    <property name="java.awt.graphicsenv" value="sun.awt.CGraphicsEnvironment"/>
    <property name="surefire.real.class.path" value="/Users/wujianhui/work/project/panda/panda-webservice-demo/target/surefire/surefirebooter5157985244704685586.jar"/>
    <property name="sun.boot.class.path" value="/Library/Java/JavaVirtualMachines/jdk1.8.0_201.jdk/Contents/Home/jre/lib/resources.jar:/Library/Java/JavaVirtualMachines/jdk1.8.0_201.jdk/Contents/Home/jre/lib/rt.jar:/Library/Java/JavaVirtualMachines/jdk1.8.0_201.jdk/Contents/Home/jre/lib/sunrsasign.jar:/Library/Java/JavaVirtualMachines/jdk1.8.0_201.jdk/Contents/Home/jre/lib/jsse.jar:/Library/Java/JavaVirtualMachines/jdk1.8.0_201.jdk/Contents/Home/jre/lib/jce.jar:/Library/Java/JavaVirtualMachines/jdk1.8.0_201.jdk/Contents/Home/jre/lib/charsets.jar:/Library/Java/JavaVirtualMachines/jdk1.8.0_201.jdk/Contents/Home/jre/lib/jfr.jar:/Library/Java/JavaVirtualMachines/jdk1.8.0_201.jdk/Contents/Home/jre/classes"/>
    <property name="sun.management.compiler" value="HotSpot 64-Bit Tiered Compilers"/>
    <property name="java.runtime.version" value="1.8.0_201-b09"/>
    <property name="user.name" value="wujianhui"/>
    <property name="path.separator" value=":"/>
    <property name="os.version" value="10.14.1"/>
    <property name="java.endorsed.dirs" value="/Library/Java/JavaVirtualMachines/jdk1.8.0_201.jdk/Contents/Home/jre/lib/endorsed"/>
    <property name="java.runtime.name" value="Java(TM) SE Runtime Environment"/>
    <property name="file.encoding" value="UTF-8"/>
    <property name="java.vm.name" value="Java HotSpot(TM) 64-Bit Server VM"/>
    <property name="localRepository" value="/Users/wujianhui/soft/maven/apache-maven-3.6.0/repository"/>
    <property name="java.vendor.url.bug" value="http://bugreport.sun.com/bugreport/"/>
    <property name="java.io.tmpdir" value="/var/folders/wc/vlbjdb192nnb9mzxh1jtnclm0000gn/T/"/>
    <property name="idea.version" value="2018.3.3"/>
    <property name="java.version" value="1.8.0_201"/>
    <property name="user.dir" value="/Users/wujianhui/work/project/panda/panda-webservice-demo"/>
    <property name="os.arch" value="x86_64"/>
    <property name="java.vm.specification.name" value="Java Virtual Machine Specification"/>
    <property name="java.awt.printerjob" value="sun.lwawt.macosx.CPrinterJob"/>
    <property name="sun.os.patch.level" value="unknown"/>
    <property name="java.library.path" value="/Users/wujianhui/Library/Java/Extensions:/Library/Java/Extensions:/Network/Library/Java/Extensions:/System/Library/Java/Extensions:/usr/lib/java:."/>
    <property name="java.vm.info" value="mixed mode"/>
    <property name="java.vendor" value="Oracle Corporation"/>
    <property name="java.vm.version" value="25.201-b09"/>
    <property name="java.ext.dirs" value="/Users/wujianhui/Library/Java/Extensions:/Library/Java/JavaVirtualMachines/jdk1.8.0_201.jdk/Contents/Home/jre/lib/ext:/Library/Java/Extensions:/Network/Library/Java/Extensions:/System/Library/Java/Extensions:/usr/lib/java"/>
    <property name="sun.io.unicode.encoding" value="UnicodeBig"/>
    <property name="maven.repo.local" value="/Users/wujianhui/soft/maven/apache-maven-3.6.0/repository"/>
    <property name="java.class.version" value="52.0"/>
  </properties>
</testsuite>